Fri Sep 12 13:54:59 2025       
+-----------------------------------------------------------------------------------------+
| NVIDIA-SMI 560.35.03              Driver Version: 560.35.03      CUDA Version: 12.6     |
|-----------------------------------------+------------------------+----------------------+
| GPU  Name                 Persistence-M | Bus-Id          Disp.A | Volatile Uncorr. ECC |
| Fan  Temp   Perf          Pwr:Usage/Cap |           Memory-Usage | GPU-Util  Compute M. |
|                                         |                        |               MIG M. |
|=========================================+========================+======================|
|   0  NVIDIA H20                     Off |   00000000:48:00.0 Off |                    0 |
| N/A   30C    P0             72W /  500W |       1MiB /  97871MiB |      0%      Default |
|                                         |                        |             Disabled |
+-----------------------------------------+------------------------+----------------------+
                                                                                         
+-----------------------------------------------------------------------------------------+
| Processes:                                                                              |
|  GPU   GI   CI        PID   Type   Process name                              GPU Memory |
|        ID   ID                                                               Usage      |
|=========================================================================================|
|  No running processes found                                                             |
+-----------------------------------------------------------------------------------------+
CUDA_VISIBLE_DEVICES: 
CUDA available: True
CUDA device count: 1
Args in experiment:
Namespace(task_name='long_term_forecast', is_training=1, model_id='0724_ETTh1', model='TimeMixerFilter3_3', data='ETTh1', if_vaild=True, root_path='./data/', data_path='ETTh1.csv', features='M', target='OT', scaler_type='std', freq='h', checkpoints='./checkpoints/', start_test_days='2025-03-15', start_pred_days='2025-06-06', pred_period=192, label_name='OT', seq_len=96, pred_len=96, label_len=0, num_class=1, seasonal_patterns='Monthly', expand=2, d_conv=4, top_k=5, num_kernels=6, enc_in=7, dec_in=7, c_out=7, d_model=32, n_heads=8, e_layers=2, d_layers=1, d_ff=32, moving_avg=25, factor=1, distil=True, dropout=0.1, embed='timeH', alpha=0.1, activation='gelu', channel_independence=1, decomp_method='moving_avg', use_norm=1, down_sampling_layers=2, down_sampling_window=2, down_sampling_method='avg', seg_len=24, is_dff=False, patch_len=16, levels=3, num_workers=8, itr=1, train_epochs=6, batch_size=128, patience=10, learning_rate=0.01, des='train', loss='MSE_penalty2', mape_threshold=0.12, penalty_threshold=0.8, penalty_weight=0, lradj='type1', use_amp=False, seed=42, is_seed=True, use_gpu=True, gpu=0, gpu_type='cuda', use_multi_gpu=False, devices='0,1,2,3', inverse=False, use_dtw=False, use_augmentation=True, aug_weight=0.07, jitter_scale_ratio=0.01, jitter_ratio=0.3, max_seg=12, aug_type='type2', mix_rate=0.8, mask_ratio=0.5, period_len=8, freq_loss=True, freq_weight=5.0, use_swa=False, ver='type2', trend_weight=0.5, l1l2_alpha=0.035, aug_constrast_weight1=0.01, aug_constrast_weight2=0.008)
Use GPU: cuda:0
configs.e_layers: 2
------------------self.weights paramters in MultiScaleSeasonMixing11---------------------
------------------self.weights paramters in MultiScaleSeasonMixing11---------------------
emb_size: 4 emb_num: 7
Exp_Long_Term_Forecast 11: loss39
------------------self.weights paramters in MultiScaleSeasonMixing11---------------------
*************************************************************************************************** *************************
iter:1   learning_rate:0.02 dropout:0.1
*************************************************************************************************** *************************
################################################################################
>>>>>>>start training : ver_loss39_us_False_lr0.02_dr0.1_ETTh1_sl96_pl96_dm32_nh8_aw0.017_alpha0.7_fw4_ag1c0.01_ag2c0.008_bs128_long_term_forecast_0724_ETTh1_fma_ftM_el2_dl1_df32_idFalse_ebtimeH_dsl2_dsw2_lsMSE_penalty2_pw0_train_0 >>>>>>>>>>>>>>>>>>>>>>>>>>
----------------------------------------  start to print model parameters  ----------------------------------------

Total parameters: 115789
----------------------------------------  endding of print model parameters  ----------------------------------------
Epoch: 1 cost time: 24.50024724006653
Epoch: 1, Steps: 67 | Train Loss: 15.4767550 Vali Loss: 17.8692780 Test Loss: 15.5501623
Epoch: 1, Steps: 67 | Train Mse: 0.4767044 Vali Mse: 0.5747589 Test Mse: 0.4288906
Epoch: 1, Steps: 67 | Train Mae: 0.4689645 Vali Mae: 0.7481428 Test Mae: 0.4304871
Epoch: 2 cost time: 13.824601173400879
Epoch: 2, Steps: 67 | Train Loss: 13.8183009 Vali Loss: 17.2243061 Test Loss: 14.7726841
Epoch: 2, Steps: 67 | Train Mse: 0.4150613 Vali Mse: 0.5553695 Test Mse: 0.4067325
Epoch: 2, Steps: 67 | Train Mae: 0.3634052 Vali Mae: 0.7089986 Test Mae: 0.4029885
Epoch: 3 cost time: 11.790019035339355
Epoch: 3, Steps: 67 | Train Loss: 13.5607333 Vali Loss: 16.8445053 Test Loss: 14.2861080
Epoch: 3, Steps: 67 | Train Mse: 0.4070415 Vali Mse: 0.5515587 Test Mse: 0.3935343
Epoch: 3, Steps: 67 | Train Mae: 0.3507327 Vali Mae: 0.7001341 Test Mae: 0.3764436
Epoch: 4 cost time: 11.754240274429321
Epoch: 4, Steps: 67 | Train Loss: 13.4380963 Vali Loss: 16.7450619 Test Loss: 14.0695591
Epoch: 4, Steps: 67 | Train Mse: 0.4029033 Vali Mse: 0.5532999 Test Mse: 0.3903951
Epoch: 4, Steps: 67 | Train Mae: 0.3454539 Vali Mae: 0.6918377 Test Mae: 0.3668147
Epoch: 5 cost time: 11.801980018615723
Epoch: 5, Steps: 67 | Train Loss: 13.3686269 Vali Loss: 16.6525269 Test Loss: 14.0018520
Epoch: 5, Steps: 67 | Train Mse: 0.4014934 Vali Mse: 0.5479240 Test Mse: 0.3876784
Epoch: 5, Steps: 67 | Train Mae: 0.3438160 Vali Mae: 0.6870859 Test Mae: 0.3636322
Epoch: 6 cost time: 11.75654935836792
Epoch: 6, Steps: 67 | Train Loss: 13.3141787 Vali Loss: 16.6419392 Test Loss: 13.9768438
Epoch: 6, Steps: 67 | Train Mse: 0.3997945 Vali Mse: 0.5482126 Test Mse: 0.3870835
Epoch: 6, Steps: 67 | Train Mae: 0.3402977 Vali Mae: 0.6875377 Test Mae: 0.3626878
>>>>>>>testing : ver_loss39_us_False_lr0.02_dr0.1_ETTh1_sl96_pl96_dm32_nh8_aw0.017_alpha0.7_fw4_ag1c0.01_ag2c0.008_bs128_long_term_forecast_0724_ETTh1_fma_ftM_el2_dl1_df32_idFalse_ebtimeH_dsl2_dsw2_lsMSE_penalty2_pw0_train_0  <<<<<<<<<<<<<<<<<<<<<<<<<<<<<<<<<
loading model
2025-09-12 13:57:13.661884 rmse:0.6014********3691, mae:0.3871********7649, mape:9.485876083374023, mspe42618.49609375, mse0.3616********6703
已删除checkpoint: ./checkpoints/ver_loss39_us_False_lr0.02_dr0.1_ETTh1_sl96_pl96_dm32_nh8_aw0.017_alpha0.7_fw4_ag1c0.01_ag2c0.008_bs128_long_term_forecast_0724_ETTh1_fma_ftM_el2_dl1_df32_idFalse_ebtimeH_dsl2_dsw2_lsMSE_penalty2_pw0_train_0/checkpoint.pth
finished!
################################################################################

Total spend time for itr 0:  118.6827290058136


################################################################################
  iteration                                  version       mae       mse
0    iter:1  iter:1   learning_rate:0.02 dropout:0.1  0.387149  0.361683
